\BOOKMARK [1][-]{section.1}{\376\377\000W\000p\000r\000o\000w\000a\000d\000z\000e\000n\000i\000e}{}% 1
\BOOKMARK [2][-]{subsection.1.1}{\376\377\000C\000z\000y\000m\000\040\000j\000e\000s\000t\000\040\000C\000M\000S\000?}{section.1}% 2
\BOOKMARK [2][-]{subsection.1.2}{\376\377\000J\000a\000k\000\040\000z\000m\000i\000a\000n\000y\000\040\000w\000\040\000C\000M\000S\000\040\000w\000p\001\102\000y\000w\000a\000j\001\005\000\040\000n\000a\000\040\000s\000t\000r\000o\000n\001\031\000?}{section.1}% 3
\BOOKMARK [1][-]{section.2}{\376\377\000L\000o\000g\000o\000w\000a\000n\000i\000e\000\040\000i\000\040\000n\000a\000w\000i\000g\000a\000c\000j\000a}{}% 4
\BOOKMARK [2][-]{subsection.2.1}{\376\377\000L\000o\000g\000o\000w\000a\000n\000i\000e\000\040\000d\000o\000\040\000p\000a\000n\000e\000l\000u\000\040\000C\000M\000S}{section.2}% 5
\BOOKMARK [2][-]{subsection.2.2}{\376\377\000S\000t\000r\000u\000k\000t\000u\000r\000a\000\040\000p\000a\000n\000e\000l\000u}{section.2}% 6
\BOOKMARK [1][-]{section.3}{\376\377\000Z\000a\000r\000z\001\005\000d\000z\000a\000n\000i\000e\000\040\000s\000t\000r\000o\000n\000a\000m\000i}{}% 7
\BOOKMARK [2][-]{subsection.3.1}{\376\377\000S\000t\000r\000o\000n\000a\000\040\000S\000z\000k\000o\001\102\000y}{section.3}% 8
\BOOKMARK [3][-]{subsubsection.3.1.1}{\376\377\000K\000a\000d\000r\001\005\000\040\000s\000z\000k\000o\001\102\000y}{subsection.3.1}% 9
\BOOKMARK [3][-]{subsubsection.3.1.2}{\376\377\000D\000o\000k\000u\000m\000e\000n\000t\000a\000m\000i\000\040\000d\000o\000\040\000p\000o\000b\000r\000a\000n\000i\000a}{subsection.3.1}% 10
\BOOKMARK [2][-]{subsection.3.2}{\376\377\000S\000t\000r\000o\000n\000a\000\040\000P\000l\000a\000c\000\363\000w\000k\000i}{section.3}% 11
\BOOKMARK [1][-]{section.4}{\376\377\000Z\000a\000r\000z\001\005\000d\000z\000a\000n\000i\000e\000\040\000d\000o\000k\000u\000m\000e\000n\000t\000a\000m\000i}{}% 12
\BOOKMARK [2][-]{subsection.4.1}{\376\377\000A\000k\000t\000u\000a\000l\000n\000o\001\133\000c\000i}{section.4}% 13
\BOOKMARK [3][-]{subsubsection.4.1.1}{\376\377\000T\000w\000o\000r\000z\000e\000n\000i\000e\000\040\000n\000o\000w\000e\000j\000\040\000a\000k\000t\000u\000a\000l\000n\000o\001\133\000c\000i}{subsection.4.1}% 14
\BOOKMARK [3][-]{subsubsection.4.1.2}{\376\377\000E\000d\000y\000t\000o\000r\000\040\000t\000e\000k\000s\000t\000u\000\040\000\050\000O\000p\000i\000s\000\051}{subsection.4.1}% 15
\BOOKMARK [2][-]{subsection.4.2}{\376\377\000K\000l\000u\000b\000y}{section.4}% 16
\BOOKMARK [2][-]{subsection.4.3}{\376\377\000G\000a\000l\000e\000r\000i\000a\000\040\040\023\000\040\000F\000o\000l\000d\000e\000r\000y}{section.4}% 17
\BOOKMARK [3][-]{subsubsection.4.3.1}{\376\377\000T\000w\000o\000r\000z\000e\000n\000i\000e\000\040\000n\000o\000w\000e\000g\000o\000\040\000f\000o\000l\000d\000e\000r\000u\000\040\000g\000a\000l\000e\000r\000i\000i}{subsection.4.3}% 18
\BOOKMARK [3][-]{subsubsection.4.3.2}{\376\377\000T\000e\000k\000s\000t\000\040\000a\000l\000t\000e\000r\000n\000a\000t\000y\000w\000n\000y\000\040\000z\000d\000j\001\031\001\007}{subsection.4.3}% 19
\BOOKMARK [2][-]{subsection.4.4}{\376\377\000C\000y\000t\000a\000t\000y}{section.4}% 20
\BOOKMARK [2][-]{subsection.4.5}{\376\377\000P\000a\000r\000t\000n\000e\000r\000z\000y}{section.4}% 21
\BOOKMARK [1][-]{section.5}{\376\377\000U\000s\000t\000a\000w\000i\000e\000n\000i\000a\000\040\000g\000l\000o\000b\000a\000l\000n\000e}{}% 22
\BOOKMARK [2][-]{subsection.5.1}{\376\377\000Z\000a\000k\001\102\000a\000d\000k\000a\000\040\000`\000`\000P\000o\000d\000s\000t\000a\000w\000o\000w\000e\000'\000'}{section.5}% 23
\BOOKMARK [2][-]{subsection.5.2}{\376\377\000Z\000a\000k\001\102\000a\000d\000k\000a\000\040\000`\000`\000O\000r\000g\000a\000n\000i\000z\000a\000c\000j\000a\000'\000'}{section.5}% 24
\BOOKMARK [2][-]{subsection.5.3}{\376\377\000Z\000a\000k\001\102\000a\000d\000k\000a\000\040\000`\000`\000M\000e\000d\000i\000a\000\040\000s\000p\000o\001\102\000e\000c\000z\000n\000o\001\133\000c\000i\000o\000w\000e\000'\000'}{section.5}% 25
\BOOKMARK [1][-]{section.6}{\376\377\000O\000p\000t\000y\000m\000a\000l\000i\000z\000a\000c\000j\000a\000\040\000d\000l\000a\000\040\000w\000y\000s\000z\000u\000k\000i\000w\000a\000r\000e\000k\000\040\000\050\000S\000E\000O\000\051}{}% 26
\BOOKMARK [2][-]{subsection.6.1}{\376\377\000P\000o\000d\000s\000t\000a\000w\000o\000w\000e\000\040\000p\000o\000l\000a\000\040\000S\000E\000O}{section.6}% 27
\BOOKMARK [2][-]{subsection.6.2}{\376\377\000P\000o\000l\000a\000\040\000O\000p\000e\000n\000\040\000G\000r\000a\000p\000h}{section.6}% 28
\BOOKMARK [2][-]{subsection.6.3}{\376\377\000P\000o\000z\000o\000s\000t\000a\001\102\000e\000\040\000o\000p\000c\000j\000e}{section.6}% 29
\BOOKMARK [1][-]{section.7}{\376\377\000W\000d\000r\000a\001\174\000a\000n\000i\000e\000\040\000z\000m\000i\000a\000n}{}% 30
\BOOKMARK [2][-]{subsection.7.1}{\376\377\000J\000a\000k\000\040\000w\000d\000r\000o\001\174\000y\001\007\000\040\000z\000m\000i\000a\000n\000y\000?}{section.7}% 31
